<?xml version="1.0" encoding="UTF-8"?>
<!-- Generated by org.testng.reporters.JUnitReportReporter -->
<testsuite hostname="LAPTOP-ECSK3I10" failures="0" tests="1" name="API.Test1" time="5.286" errors="0" timestamp="2023-04-07T22:21:59 IST" skipped="0">
  <testcase classname="API.Test1" name="getdetails" time="5.286"/>
  <system-out/>
</testsuite> <!-- API.Test1 -->
